actions.ts:13 Fetch failed loading: POST "http://localhost:3000/new-post".
fetchServerAction @ server-action-reducer.js:50
await in fetchServerAction
serverActionReducer @ server-action-reducer.js:148
clientReducer @ router-reducer.js:49
action @ app-router-instance.js:156
runAction @ app-router-instance.js:66
dispatchAction @ app-router-instance.js:120
dispatch @ app-router-instance.js:154
eval @ use-action-queue.js:55
startTransition @ react-dom-client.development.js:7843
dispatch @ use-action-queue.js:54
dispatchAppRouterAction @ use-action-queue.js:37
eval @ app-call-server.js:17
exports.startTransition @ react.development.js:1129
eval @ app-call-server.js:16
callServer @ app-call-server.js:15
action @ react-server-dom-webpack-client.browser.development.js:2730
generateDraft @ actions.ts:13
onClick @ J:\Code Projects\ae-test\joe-tucker\app\new-post\page.tsx:83
executeDispatch @ react-dom-client.development.js:16502
runWithFiberInDEV @ react-dom-client.development.js:845
processDispatchQueue @ react-dom-client.development.js:16552
eval @ react-dom-client.development.js:17150
batchedUpdates$1 @ react-dom-client.development.js:3263
dispatchEventForPluginEventSystem @ react-dom-client.development.js:16706
dispatchEvent @ react-dom-client.development.js:20816
dispatchDiscreteEvent @ react-dom-client.development.js:20784
<button>
exports.jsxDEV @ react-jsx-dev-runtime.development.js:346
NewPost @ J:\Code Projects\ae-test\joe-tucker\app\new-post\page.tsx:78
react-stack-bottom-frame @ react-dom-client.development.js:22974
renderWithHooksAgain @ react-dom-client.development.js:6767
renderWithHooks @ react-dom-client.development.js:6679
updateFunctionComponent @ react-dom-client.development.js:8931
beginWork @ react-dom-client.development.js:10556
runWithFiberInDEV @ react-dom-client.development.js:845
performUnitOfWork @ react-dom-client.development.js:15258
workLoopConcurrentByScheduler @ react-dom-client.development.js:15252
renderRootConcurrent @ react-dom-client.development.js:15227
performWorkOnRoot @ react-dom-client.development.js:14525
performWorkOnRootViaSchedulerTask @ react-dom-client.development.js:16350
performWorkUntilDeadline @ scheduler.development.js:45
<NewPost>
exports.jsx @ react-jsx-runtime.development.js:339
ClientPageRoot @ client-page.js:20
react-stack-bottom-frame @ react-dom-client.development.js:22974
renderWithHooksAgain @ react-dom-client.development.js:6767
renderWithHooks @ react-dom-client.development.js:6679
updateFunctionComponent @ react-dom-client.development.js:8931
beginWork @ react-dom-client.development.js:10505
runWithFiberInDEV @ react-dom-client.development.js:845
performUnitOfWork @ react-dom-client.development.js:15258
workLoopConcurrentByScheduler @ react-dom-client.development.js:15252
renderRootConcurrent @ react-dom-client.development.js:15227
performWorkOnRoot @ react-dom-client.development.js:14525
performWorkOnRootViaSchedulerTask @ react-dom-client.development.js:16350
performWorkUntilDeadline @ scheduler.development.js:45
"use client"
eval @ react-server-dom-webpack-client.browser.development.js:2354
initializeModelChunk @ react-server-dom-webpack-client.browser.development.js:1054
resolveModelChunk @ react-server-dom-webpack-client.browser.development.js:1031
resolveModel @ react-server-dom-webpack-client.browser.development.js:1599
processFullStringRow @ react-server-dom-webpack-client.browser.development.js:2288
processFullBinaryRow @ react-server-dom-webpack-client.browser.development.js:2233
progress @ react-server-dom-webpack-client.browser.development.js:2479
"use server"
ResponseInstance @ react-server-dom-webpack-client.browser.development.js:1587
createResponseFromOptions @ react-server-dom-webpack-client.browser.development.js:2396
exports.createFromReadableStream @ react-server-dom-webpack-client.browser.development.js:2717
createFromNextReadableStream @ fetch-server-response.js:172
fetchServerResponse @ fetch-server-response.js:126
await in fetchServerResponse
eval @ prefetch-cache-utils.js:197
task @ promise-queue.js:30
processNext @ promise-queue.js:81
enqueue @ promise-queue.js:45
createLazyPrefetchEntry @ prefetch-cache-utils.js:197
getOrCreatePrefetchCacheEntry @ prefetch-cache-utils.js:144
navigateReducer @ navigate-reducer.js:163
clientReducer @ router-reducer.js:25
action @ app-router-instance.js:156
runAction @ app-router-instance.js:66
dispatchAction @ app-router-instance.js:120
dispatch @ app-router-instance.js:154
eval @ use-action-queue.js:55
startTransition @ react-dom-client.development.js:7843
dispatch @ use-action-queue.js:54
dispatchAppRouterAction @ use-action-queue.js:37
dispatchNavigateAction @ app-router-instance.js:207
navigate @ link.js:82
exports.startTransition @ react.development.js:1129
linkClicked @ link.js:84
onClick @ link.js:315
executeDispatch @ react-dom-client.development.js:16502
runWithFiberInDEV @ react-dom-client.development.js:845
processDispatchQueue @ react-dom-client.development.js:16552
eval @ react-dom-client.development.js:17150
batchedUpdates$1 @ react-dom-client.development.js:3263
dispatchEventForPluginEventSystem @ react-dom-client.development.js:16706
dispatchEvent @ react-dom-client.development.js:20816
dispatchDiscreteEvent @ react-dom-client.development.js:20784
<a>
exports.jsx @ react-jsx-runtime.development.js:339
LinkComponent @ link.js:365
react-stack-bottom-frame @ react-dom-client.development.js:22974
renderWithHooksAgain @ react-dom-client.development.js:6767
renderWithHooks @ react-dom-client.development.js:6679
updateFunctionComponent @ react-dom-client.development.js:8931
beginWork @ react-dom-client.development.js:10505
runWithFiberInDEV @ react-dom-client.development.js:845
performUnitOfWork @ react-dom-client.development.js:15258
workLoopConcurrentByScheduler @ react-dom-client.development.js:15252
renderRootConcurrent @ react-dom-client.development.js:15227
performWorkOnRoot @ react-dom-client.development.js:14525
performWorkOnRootViaSchedulerTask @ react-dom-client.development.js:16350
performWorkUntilDeadline @ scheduler.development.js:45
"use client"
Header @ index.tsx:15
eval @ react-server-dom-webpack-client.browser.development.js:2355
initializeModelChunk @ react-server-dom-webpack-client.browser.development.js:1054
getOutlinedModel @ react-server-dom-webpack-client.browser.development.js:1327
parseModelString @ react-server-dom-webpack-client.browser.development.js:1540
eval @ react-server-dom-webpack-client.browser.development.js:2294
initializeModelChunk @ react-server-dom-webpack-client.browser.development.js:1054
getOutlinedModel @ react-server-dom-webpack-client.browser.development.js:1327
parseModelString @ react-server-dom-webpack-client.browser.development.js:1540
eval @ react-server-dom-webpack-client.browser.development.js:2294
initializeModelChunk @ react-server-dom-webpack-client.browser.development.js:1054
resolveModelChunk @ react-server-dom-webpack-client.browser.development.js:1031
resolveModel @ react-server-dom-webpack-client.browser.development.js:1599
processFullStringRow @ react-server-dom-webpack-client.browser.development.js:2288
processFullBinaryRow @ react-server-dom-webpack-client.browser.development.js:2233
progress @ react-server-dom-webpack-client.browser.development.js:2479
<Header>
RootLayout @ layout.tsx:15
buildFakeTask @ react-server-dom-webpack-client.browser.development.js:2041
initializeFakeTask @ react-server-dom-webpack-client.browser.development.js:2027
resolveDebugInfo @ react-server-dom-webpack-client.browser.development.js:2063
processFullStringRow @ react-server-dom-webpack-client.browser.development.js:2261
processFullBinaryRow @ react-server-dom-webpack-client.browser.development.js:2233
progress @ react-server-dom-webpack-client.browser.development.js:2479
<RootLayout>
buildFakeTask @ react-server-dom-webpack-client.browser.development.js:2040
initializeFakeTask @ react-server-dom-webpack-client.browser.development.js:2027
resolveDebugInfo @ react-server-dom-webpack-client.browser.development.js:2063
processFullStringRow @ react-server-dom-webpack-client.browser.development.js:2261
processFullBinaryRow @ react-server-dom-webpack-client.browser.development.js:2233
progress @ react-server-dom-webpack-client.browser.development.js:2479
"use server"
ResponseInstance @ react-server-dom-webpack-client.browser.development.js:1587
createResponseFromOptions @ react-server-dom-webpack-client.browser.development.js:2396
exports.createFromReadableStream @ react-server-dom-webpack-client.browser.development.js:2717
eval @ app-index.js:132
(app-pages-browser)/./node_modules/next/dist/client/app-index.js @ main-app.js?v=1750992723714:160
options.factory @ webpack.js?v=1750992723714:712
__webpack_require__ @ webpack.js?v=1750992723714:37
fn @ webpack.js?v=1750992723714:369
eval @ app-next-dev.js:11
eval @ app-bootstrap.js:62
loadScriptsInSequence @ app-bootstrap.js:23
appBootstrap @ app-bootstrap.js:56
eval @ app-next-dev.js:10
(app-pages-browser)/./node_modules/next/dist/client/app-next-dev.js @ main-app.js?v=1750992723714:182
options.factory @ webpack.js?v=1750992723714:712
__webpack_require__ @ webpack.js?v=1750992723714:37
__webpack_exec__ @ main-app.js?v=1750992723714:2813
(anonymous) @ main-app.js?v=1750992723714:2814
webpackJsonpCallback @ webpack.js?v=1750992723714:1388
(anonymous) @ main-app.js?v=1750992723714:9
new-post:1 The resource http://localhost:3000/logo.svg was preloaded using link preload but not used within a few seconds from the window's load event. Please make sure it has an appropriate `as` value and it is preloaded intentionally.
scheduler.development.js:14 [Violation] 'message' handler took 328ms
actions.ts:13 Fetch failed loading: POST "http://localhost:3000/new-post".
fetchServerAction @ server-action-reducer.js:50
await in fetchServerAction
serverActionReducer @ server-action-reducer.js:148
clientReducer @ router-reducer.js:49
action @ app-router-instance.js:156
runAction @ app-router-instance.js:66
dispatchAction @ app-router-instance.js:120
dispatch @ app-router-instance.js:154
eval @ use-action-queue.js:55
startTransition @ react-dom-client.development.js:7843
dispatch @ use-action-queue.js:54
dispatchAppRouterAction @ use-action-queue.js:37
eval @ app-call-server.js:17
exports.startTransition @ react.development.js:1129
eval @ app-call-server.js:16
callServer @ app-call-server.js:15
action @ react-server-dom-webpack-client.browser.development.js:2730
generateDraft @ actions.ts:13
onClick @ J:\Code Projects\ae-test\joe-tucker\app\new-post\page.tsx:83
executeDispatch @ react-dom-client.development.js:16502
runWithFiberInDEV @ react-dom-client.development.js:845
processDispatchQueue @ react-dom-client.development.js:16552
eval @ react-dom-client.development.js:17150
batchedUpdates$1 @ react-dom-client.development.js:3263
dispatchEventForPluginEventSystem @ react-dom-client.development.js:16706
dispatchEvent @ react-dom-client.development.js:20816
dispatchDiscreteEvent @ react-dom-client.development.js:20784
<button>
exports.jsxDEV @ react-jsx-dev-runtime.development.js:346
NewPost @ J:\Code Projects\ae-test\joe-tucker\app\new-post\page.tsx:78
react-stack-bottom-frame @ react-dom-client.development.js:22974
renderWithHooksAgain @ react-dom-client.development.js:6767
renderWithHooks @ react-dom-client.development.js:6679
updateFunctionComponent @ react-dom-client.development.js:8931
beginWork @ react-dom-client.development.js:10556
runWithFiberInDEV @ react-dom-client.development.js:845
performUnitOfWork @ react-dom-client.development.js:15258
workLoopConcurrentByScheduler @ react-dom-client.development.js:15252
renderRootConcurrent @ react-dom-client.development.js:15227
performWorkOnRoot @ react-dom-client.development.js:14525
performWorkOnRootViaSchedulerTask @ react-dom-client.development.js:16350
performWorkUntilDeadline @ scheduler.development.js:45
<NewPost>
exports.jsx @ react-jsx-runtime.development.js:339
ClientPageRoot @ client-page.js:20
react-stack-bottom-frame @ react-dom-client.development.js:22974
renderWithHooksAgain @ react-dom-client.development.js:6767
renderWithHooks @ react-dom-client.development.js:6679
updateFunctionComponent @ react-dom-client.development.js:8931
beginWork @ react-dom-client.development.js:10505
runWithFiberInDEV @ react-dom-client.development.js:845
performUnitOfWork @ react-dom-client.development.js:15258
workLoopConcurrentByScheduler @ react-dom-client.development.js:15252
renderRootConcurrent @ react-dom-client.development.js:15227
performWorkOnRoot @ react-dom-client.development.js:14525
performWorkOnRootViaSchedulerTask @ react-dom-client.development.js:16350
performWorkUntilDeadline @ scheduler.development.js:45
"use client"
eval @ react-server-dom-webpack-client.browser.development.js:2354
initializeModelChunk @ react-server-dom-webpack-client.browser.development.js:1054
resolveModelChunk @ react-server-dom-webpack-client.browser.development.js:1031
resolveModel @ react-server-dom-webpack-client.browser.development.js:1599
processFullStringRow @ react-server-dom-webpack-client.browser.development.js:2288
processFullBinaryRow @ react-server-dom-webpack-client.browser.development.js:2233
progress @ react-server-dom-webpack-client.browser.development.js:2479
"use server"
ResponseInstance @ react-server-dom-webpack-client.browser.development.js:1587
createResponseFromOptions @ react-server-dom-webpack-client.browser.development.js:2396
exports.createFromReadableStream @ react-server-dom-webpack-client.browser.development.js:2717
createFromNextReadableStream @ fetch-server-response.js:172
fetchServerResponse @ fetch-server-response.js:126
await in fetchServerResponse
eval @ prefetch-cache-utils.js:197
task @ promise-queue.js:30
processNext @ promise-queue.js:81
enqueue @ promise-queue.js:45
createLazyPrefetchEntry @ prefetch-cache-utils.js:197
getOrCreatePrefetchCacheEntry @ prefetch-cache-utils.js:144
navigateReducer @ navigate-reducer.js:163
clientReducer @ router-reducer.js:25
action @ app-router-instance.js:156
runAction @ app-router-instance.js:66
dispatchAction @ app-router-instance.js:120
dispatch @ app-router-instance.js:154
eval @ use-action-queue.js:55
startTransition @ react-dom-client.development.js:7843
dispatch @ use-action-queue.js:54
dispatchAppRouterAction @ use-action-queue.js:37
dispatchNavigateAction @ app-router-instance.js:207
navigate @ link.js:82
exports.startTransition @ react.development.js:1129
linkClicked @ link.js:84
onClick @ link.js:315
executeDispatch @ react-dom-client.development.js:16502
runWithFiberInDEV @ react-dom-client.development.js:845
processDispatchQueue @ react-dom-client.development.js:16552
eval @ react-dom-client.development.js:17150
batchedUpdates$1 @ react-dom-client.development.js:3263
dispatchEventForPluginEventSystem @ react-dom-client.development.js:16706
dispatchEvent @ react-dom-client.development.js:20816
dispatchDiscreteEvent @ react-dom-client.development.js:20784
<a>
exports.jsx @ react-jsx-runtime.development.js:339
LinkComponent @ link.js:365
react-stack-bottom-frame @ react-dom-client.development.js:22974
renderWithHooksAgain @ react-dom-client.development.js:6767
renderWithHooks @ react-dom-client.development.js:6679
updateFunctionComponent @ react-dom-client.development.js:8931
beginWork @ react-dom-client.development.js:10505
runWithFiberInDEV @ react-dom-client.development.js:845
performUnitOfWork @ react-dom-client.development.js:15258
workLoopConcurrentByScheduler @ react-dom-client.development.js:15252
renderRootConcurrent @ react-dom-client.development.js:15227
performWorkOnRoot @ react-dom-client.development.js:14525
performWorkOnRootViaSchedulerTask @ react-dom-client.development.js:16350
performWorkUntilDeadline @ scheduler.development.js:45
"use client"
Header @ index.tsx:15
eval @ react-server-dom-webpack-client.browser.development.js:2355
initializeModelChunk @ react-server-dom-webpack-client.browser.development.js:1054
getOutlinedModel @ react-server-dom-webpack-client.browser.development.js:1327
parseModelString @ react-server-dom-webpack-client.browser.development.js:1540
eval @ react-server-dom-webpack-client.browser.development.js:2294
initializeModelChunk @ react-server-dom-webpack-client.browser.development.js:1054
getOutlinedModel @ react-server-dom-webpack-client.browser.development.js:1327
parseModelString @ react-server-dom-webpack-client.browser.development.js:1540
eval @ react-server-dom-webpack-client.browser.development.js:2294
initializeModelChunk @ react-server-dom-webpack-client.browser.development.js:1054
resolveModelChunk @ react-server-dom-webpack-client.browser.development.js:1031
resolveModel @ react-server-dom-webpack-client.browser.development.js:1599
processFullStringRow @ react-server-dom-webpack-client.browser.development.js:2288
processFullBinaryRow @ react-server-dom-webpack-client.browser.development.js:2233
progress @ react-server-dom-webpack-client.browser.development.js:2479
<Header>
RootLayout @ layout.tsx:15
buildFakeTask @ react-server-dom-webpack-client.browser.development.js:2041
initializeFakeTask @ react-server-dom-webpack-client.browser.development.js:2027
resolveDebugInfo @ react-server-dom-webpack-client.browser.development.js:2063
processFullStringRow @ react-server-dom-webpack-client.browser.development.js:2261
processFullBinaryRow @ react-server-dom-webpack-client.browser.development.js:2233
progress @ react-server-dom-webpack-client.browser.development.js:2479
<RootLayout>
buildFakeTask @ react-server-dom-webpack-client.browser.development.js:2040
initializeFakeTask @ react-server-dom-webpack-client.browser.development.js:2027
resolveDebugInfo @ react-server-dom-webpack-client.browser.development.js:2063
processFullStringRow @ react-server-dom-webpack-client.browser.development.js:2261
processFullBinaryRow @ react-server-dom-webpack-client.browser.development.js:2233
progress @ react-server-dom-webpack-client.browser.development.js:2479
"use server"
ResponseInstance @ react-server-dom-webpack-client.browser.development.js:1587
createResponseFromOptions @ react-server-dom-webpack-client.browser.development.js:2396
exports.createFromReadableStream @ react-server-dom-webpack-client.browser.development.js:2717
eval @ app-index.js:132
(app-pages-browser)/./node_modules/next/dist/client/app-index.js @ main-app.js?v=1750992723714:160
options.factory @ webpack.js?v=1750992723714:712
__webpack_require__ @ webpack.js?v=1750992723714:37
fn @ webpack.js?v=1750992723714:369
eval @ app-next-dev.js:11
eval @ app-bootstrap.js:62
loadScriptsInSequence @ app-bootstrap.js:23
appBootstrap @ app-bootstrap.js:56
eval @ app-next-dev.js:10
(app-pages-browser)/./node_modules/next/dist/client/app-next-dev.js @ main-app.js?v=1750992723714:182
options.factory @ webpack.js?v=1750992723714:712
__webpack_require__ @ webpack.js?v=1750992723714:37
__webpack_exec__ @ main-app.js?v=1750992723714:2813
(anonymous) @ main-app.js?v=1750992723714:2814
webpackJsonpCallback @ webpack.js?v=1750992723714:1388
(anonymous) @ main-app.js?v=1750992723714:9
new-post:1 The resource http://localhost:3000/logo.svg was preloaded using link preload but not used within a few seconds from the window's load event. Please make sure it has an appropriate `as` value and it is preloaded intentionally.
